0 info it worked if it ends with ok
1 verbose cli [ '/home/ubuntu/.nvm/v6.3.1/bin/node',
1 verbose cli   '/home/ubuntu/.nvm/v6.3.1/bin/npm',
1 verbose cli   'run',
1 verbose cli   'np',
1 verbose cli   '1.0.0' ]
2 info using npm@3.10.5
3 info using node@v6.3.1
4 verbose run-script [ 'prenp', 'np', 'postnp' ]
5 info lifecycle json-schema-resolve-allof@1.0.0~prenp: json-schema-resolve-allof@1.0.0
6 silly lifecycle json-schema-resolve-allof@1.0.0~prenp: no script for prenp, continuing
7 info lifecycle json-schema-resolve-allof@1.0.0~np: json-schema-resolve-allof@1.0.0
8 verbose lifecycle json-schema-resolve-allof@1.0.0~np: unsafe-perm in lifecycle true
9 verbose lifecycle json-schema-resolve-allof@1.0.0~np: PATH: /home/ubuntu/.nvm/v6.3.1/lib/node_modules/npm/bin/node-gyp-bin:/home/ubuntu/workspace/json-schema-resolve-allof/node_modules/.bin:/home/ubuntu/.nvm/v6.3.1/bin:/home/ubuntu/.nvm/v6.3.1/bin:/usr/local/heroku/bin:/usr/local/rvm/gems/ruby-2.1.1@rails4/bin:/usr/local/rvm/gems/ruby-2.1.1@global/bin:/usr/local/rvm/rubies/ruby-2.1.1/bin:/usr/local/heroku/bin:/mnt/shared/bin:/home/ubuntu/workspace/node_modules/.bin:/home/ubuntu/bin:/usr/local/sbin:/usr/local/bin:/usr/sbin:/usr/bin:/sbin:/bin:/mnt/shared/sbin:/opt/gitl:/opt/go/bin:/mnt/shared/c9/app.nw/bin:/usr/local/rvm/bin
10 verbose lifecycle json-schema-resolve-allof@1.0.0~np: CWD: /home/ubuntu/workspace/json-schema-resolve-allof
11 silly lifecycle json-schema-resolve-allof@1.0.0~np: Args: [ '-c', 'np "1.0.0"' ]
12 silly lifecycle json-schema-resolve-allof@1.0.0~np: Returned: code: 1  signal: null
13 info lifecycle json-schema-resolve-allof@1.0.0~np: Failed to exec np script
14 verbose stack Error: json-schema-resolve-allof@1.0.0 np: `np "1.0.0"`
14 verbose stack Exit status 1
14 verbose stack     at EventEmitter.<anonymous> (/home/ubuntu/.nvm/v6.3.1/lib/node_modules/npm/lib/utils/lifecycle.js:242:16)
14 verbose stack     at emitTwo (events.js:106:13)
14 verbose stack     at EventEmitter.emit (events.js:191:7)
14 verbose stack     at ChildProcess.<anonymous> (/home/ubuntu/.nvm/v6.3.1/lib/node_modules/npm/lib/utils/spawn.js:40:14)
14 verbose stack     at emitTwo (events.js:106:13)
14 verbose stack     at ChildProcess.emit (events.js:191:7)
14 verbose stack     at maybeClose (internal/child_process.js:852:16)
14 verbose stack     at Process.ChildProcess._handle.onexit (internal/child_process.js:215:5)
15 verbose pkgid json-schema-resolve-allof@1.0.0
16 verbose cwd /home/ubuntu/workspace/json-schema-resolve-allof
17 error Linux 4.2.0-c9
18 error argv "/home/ubuntu/.nvm/v6.3.1/bin/node" "/home/ubuntu/.nvm/v6.3.1/bin/npm" "run" "np" "1.0.0"
19 error node v6.3.1
20 error npm  v3.10.5
21 error code ELIFECYCLE
22 error json-schema-resolve-allof@1.0.0 np: `np "1.0.0"`
22 error Exit status 1
23 error Failed at the json-schema-resolve-allof@1.0.0 np script 'np "1.0.0"'.
23 error Make sure you have the latest version of node.js and npm installed.
23 error If you do, this is most likely a problem with the json-schema-resolve-allof package,
23 error not with npm itself.
23 error Tell the author that this fails on your system:
23 error     np "1.0.0"
23 error You can get information on how to open an issue for this project with:
23 error     npm bugs json-schema-resolve-allof
23 error Or if that isn't available, you can get their info via:
23 error     npm owner ls json-schema-resolve-allof
23 error There is likely additional logging output above.
24 verbose exit [ 1, true ]
